<?xml version="1.0" encoding="UTF-8"?>
<testsuite time='1.005211' skipped='0' failures='0' errors='0' name="TinyTest" assertions='0' tests='1' timestamp="2018-06-06T14:07:07-04:00">
  <testcase time='1.005211' file="test/tiny_test.rb" name="test_1_second" assertions='0'>
  </testcase>
</testsuite>
