<?xml version="1.0" encoding="UTF-8"?>
<testsuite time='2.003077' skipped='0' failures='0' errors='0' name="SmallTest" assertions='0' tests='1' timestamp="2018-06-06T14:07:04-04:00">
  <testcase time='2.003077' file="test/small_test.rb" name="test_2_seconds" assertions='0'>
  </testcase>
</testsuite>
