<?xml version="1.0" encoding="UTF-8"?>
<testsuite time='4.003133' skipped='0' failures='0' errors='0' name="BigTest" assertions='0' tests='1' timestamp="2018-06-06T14:07:07-04:00">
  <testcase time='4.003133' file="test/big_test.rb" name="test_4_seconds" assertions='0'>
  </testcase>
</testsuite>
