<?xml version="1.0" encoding="UTF-8"?>
<testsuite time='7.006657' skipped='0' failures='0' errors='0' name="HugeTest" assertions='0' tests='1' timestamp="2018-06-06T14:07:09-04:00">
  <testcase time='7.006657' file="test/huge_test.rb" name="test_7_seconds" assertions='0'>
  </testcase>
</testsuite>
