<?xml version="1.0" encoding="UTF-8"?>
<testsuite time='5.003140' skipped='0' failures='0' errors='0' name="HeavyTest" assertions='0' tests='1' timestamp="2018-06-06T14:07:07-04:00">
  <testcase time='5.003140' file="test/heavy_test.rb" name="test_5_seconds" assertions='0'>
  </testcase>
</testsuite>
